2022-06-04 20:31:58.607  INFO 12616 --- [main] e.c.CandidateServiceApplication          : Starting CandidateServiceApplication using Java 11.0.14.1 on DESKTOP-B790IA8 with PID 12616 (C:\Users\Houssem Zerai\Desktop\spring project\candidate-microservice\candidate-service\target\classes started by Houssem Zerai in C:\Users\Houssem Zerai\Desktop\spring project\candidate-microservice\candidate-service)
2022-06-04 20:31:58.611  INFO 12616 --- [main] e.c.CandidateServiceApplication          : No active profile set, falling back to default profiles: default
2022-06-04 20:31:59.105  INFO 12616 --- [main] .s.d.r.c.RepositoryConfigurationDelegate : Bootstrapping Spring Data MongoDB repositories in DEFAULT mode.
2022-06-04 20:31:59.129  INFO 12616 --- [main] .s.d.r.c.RepositoryConfigurationDelegate : Finished Spring Data repository scanning in 22 ms. Found 1 MongoDB repository interfaces.
2022-06-04 20:31:59.317  INFO 12616 --- [main] o.s.b.w.e.t.TomcatWebServer              : Tomcat initialized with port(s): 8083 (http)
2022-06-04 20:31:59.362  INFO 12616 --- [main] w.s.c.ServletWebServerApplicationContext : Root WebApplicationContext: initialization completed in 732 ms
2022-06-04 20:31:59.808  INFO 12616 --- [main] o.s.b.a.e.w.EndpointLinksResolver        : Exposing 2 endpoint(s) beneath base path '/actuator'
2022-06-04 20:31:59.834  INFO 12616 --- [main] pertySourcedRequestMappingHandlerMapping : Mapped URL path [/v2/api-docs] onto method [springfox.documentation.swagger2.web.Swagger2Controller#getDocumentation(String, HttpServletRequest)]
2022-06-04 20:31:59.872  INFO 12616 --- [main] o.s.s.c.ThreadPoolTaskExecutor           : Initializing ExecutorService 'applicationTaskExecutor'
2022-06-04 20:31:59.954  INFO 12616 --- [main] o.s.b.w.e.t.TomcatWebServer              : Tomcat started on port(s): 8083 (http) with context path ''
2022-06-04 20:32:00.056  INFO 12616 --- [main] e.c.CandidateServiceApplication          : Started CandidateServiceApplication in 1.673 seconds (JVM running for 2.117)
2022-06-04 20:32:00.173  INFO 12616 --- [RMI TCP Connection(2)-192.168.1.9] o.s.w.s.DispatcherServlet                : Initializing Servlet 'dispatcherServlet'
2022-06-04 20:32:00.174  INFO 12616 --- [RMI TCP Connection(2)-192.168.1.9] o.s.w.s.DispatcherServlet                : Completed initialization in 1 ms
2022-06-04 20:32:27.223  INFO 12616 --- [http-nio-8083-exec-1] e.c.s.CandidateServiceImpl               : We've just greeted the user!
2022-06-04 20:32:27.223  WARN 12616 --- [http-nio-8083-exec-1] e.c.s.CandidateServiceImpl               : We've just greeted the user!
2022-06-04 20:32:27.223 ERROR 12616 --- [http-nio-8083-exec-1] e.c.s.CandidateServiceImpl               : We've just greeted the user!
2022-06-04 20:32:27.223 FATAL 12616 --- [http-nio-8083-exec-1] e.c.s.CandidateServiceImpl               : We've just greeted the user!
2022-06-04 20:40:13.598  INFO 12616 --- [SpringContextShutdownHook] o.s.s.c.ThreadPoolTaskExecutor           : Shutting down ExecutorService 'applicationTaskExecutor'
2022-06-04 20:40:16.525  INFO 4692 --- [main] e.c.CandidateServiceApplication          : Starting CandidateServiceApplication using Java 11.0.14.1 on DESKTOP-B790IA8 with PID 4692 (C:\Users\Houssem Zerai\Desktop\spring project\candidate-microservice\candidate-service\target\classes started by Houssem Zerai in C:\Users\Houssem Zerai\Desktop\spring project\candidate-microservice\candidate-service)
2022-06-04 20:40:16.529  INFO 4692 --- [main] e.c.CandidateServiceApplication          : No active profile set, falling back to default profiles: default
2022-06-04 20:40:17.003  INFO 4692 --- [main] .s.d.r.c.RepositoryConfigurationDelegate : Bootstrapping Spring Data MongoDB repositories in DEFAULT mode.
2022-06-04 20:40:17.024  INFO 4692 --- [main] .s.d.r.c.RepositoryConfigurationDelegate : Finished Spring Data repository scanning in 19 ms. Found 1 MongoDB repository interfaces.
2022-06-04 20:40:17.208  INFO 4692 --- [main] o.s.b.w.e.t.TomcatWebServer              : Tomcat initialized with port(s): 8083 (http)
2022-06-04 20:40:17.252  INFO 4692 --- [main] w.s.c.ServletWebServerApplicationContext : Root WebApplicationContext: initialization completed in 704 ms
2022-06-04 20:40:17.732  INFO 4692 --- [main] o.s.b.a.e.w.EndpointLinksResolver        : Exposing 2 endpoint(s) beneath base path '/actuator'
2022-06-04 20:40:17.759  INFO 4692 --- [main] pertySourcedRequestMappingHandlerMapping : Mapped URL path [/v2/api-docs] onto method [springfox.documentation.swagger2.web.Swagger2Controller#getDocumentation(String, HttpServletRequest)]
2022-06-04 20:40:17.797  INFO 4692 --- [main] o.s.s.c.ThreadPoolTaskExecutor           : Initializing ExecutorService 'applicationTaskExecutor'
2022-06-04 20:40:17.879  INFO 4692 --- [main] o.s.b.w.e.t.TomcatWebServer              : Tomcat started on port(s): 8083 (http) with context path ''
2022-06-04 20:40:17.981  INFO 4692 --- [main] e.c.CandidateServiceApplication          : Started CandidateServiceApplication in 1.686 seconds (JVM running for 2.159)
2022-06-04 20:40:18.166  INFO 4692 --- [RMI TCP Connection(2)-192.168.1.9] o.s.w.s.DispatcherServlet                : Initializing Servlet 'dispatcherServlet'
2022-06-04 20:40:18.167  INFO 4692 --- [RMI TCP Connection(2)-192.168.1.9] o.s.w.s.DispatcherServlet                : Completed initialization in 1 ms
2022-06-04 20:40:30.721  INFO 4692 --- [SpringContextShutdownHook] o.s.s.c.ThreadPoolTaskExecutor           : Shutting down ExecutorService 'applicationTaskExecutor'
2022-06-04 20:43:04.575  INFO 19780 --- [main] e.c.CandidateServiceApplication          : Starting CandidateServiceApplication using Java 11.0.14.1 on DESKTOP-B790IA8 with PID 19780 (C:\Users\Houssem Zerai\Desktop\spring project\candidate-microservice\candidate-service\target\classes started by Houssem Zerai in C:\Users\Houssem Zerai\Desktop\spring project\candidate-microservice\candidate-service)
2022-06-04 20:43:04.580  INFO 19780 --- [main] e.c.CandidateServiceApplication          : No active profile set, falling back to default profiles: default
2022-06-04 20:43:05.049  INFO 19780 --- [main] .s.d.r.c.RepositoryConfigurationDelegate : Bootstrapping Spring Data MongoDB repositories in DEFAULT mode.
2022-06-04 20:43:05.072  INFO 19780 --- [main] .s.d.r.c.RepositoryConfigurationDelegate : Finished Spring Data repository scanning in 21 ms. Found 1 MongoDB repository interfaces.
2022-06-04 20:43:05.249  INFO 19780 --- [main] o.s.b.w.e.t.TomcatWebServer              : Tomcat initialized with port(s): 8083 (http)
2022-06-04 20:43:05.292  INFO 19780 --- [main] w.s.c.ServletWebServerApplicationContext : Root WebApplicationContext: initialization completed in 693 ms
2022-06-04 20:43:05.775  INFO 19780 --- [main] o.s.b.a.e.w.EndpointLinksResolver        : Exposing 2 endpoint(s) beneath base path '/actuator'
2022-06-04 20:43:05.801  INFO 19780 --- [main] pertySourcedRequestMappingHandlerMapping : Mapped URL path [/v2/api-docs] onto method [springfox.documentation.swagger2.web.Swagger2Controller#getDocumentation(String, HttpServletRequest)]
2022-06-04 20:43:05.837  INFO 19780 --- [main] o.s.s.c.ThreadPoolTaskExecutor           : Initializing ExecutorService 'applicationTaskExecutor'
2022-06-04 20:43:05.926  INFO 19780 --- [main] o.s.b.w.e.t.TomcatWebServer              : Tomcat started on port(s): 8083 (http) with context path ''
2022-06-04 20:43:06.019  INFO 19780 --- [main] e.c.CandidateServiceApplication          : Started CandidateServiceApplication in 1.67 seconds (JVM running for 2.113)
2022-06-04 20:43:06.137  INFO 19780 --- [RMI TCP Connection(2)-192.168.1.9] o.s.w.s.DispatcherServlet                : Initializing Servlet 'dispatcherServlet'
2022-06-04 20:43:06.138  INFO 19780 --- [RMI TCP Connection(2)-192.168.1.9] o.s.w.s.DispatcherServlet                : Completed initialization in 1 ms
2022-06-04 20:43:15.707  INFO 19780 --- [SpringContextShutdownHook] o.s.s.c.ThreadPoolTaskExecutor           : Shutting down ExecutorService 'applicationTaskExecutor'
2022-06-04 20:43:32.258  INFO 22668 --- [main] e.c.CandidateServiceApplication          : Starting CandidateServiceApplication using Java 11.0.14.1 on DESKTOP-B790IA8 with PID 22668 (C:\Users\Houssem Zerai\Desktop\spring project\candidate-microservice\candidate-service\target\classes started by Houssem Zerai in C:\Users\Houssem Zerai\Desktop\spring project\candidate-microservice\candidate-service)
2022-06-04 20:43:32.262  INFO 22668 --- [main] e.c.CandidateServiceApplication          : No active profile set, falling back to default profiles: default
2022-06-04 20:43:32.732  INFO 22668 --- [main] .s.d.r.c.RepositoryConfigurationDelegate : Bootstrapping Spring Data MongoDB repositories in DEFAULT mode.
2022-06-04 20:43:32.755  INFO 22668 --- [main] .s.d.r.c.RepositoryConfigurationDelegate : Finished Spring Data repository scanning in 21 ms. Found 1 MongoDB repository interfaces.
2022-06-04 20:43:32.932  INFO 22668 --- [main] o.s.b.w.e.t.TomcatWebServer              : Tomcat initialized with port(s): 8083 (http)
2022-06-04 20:43:32.975  INFO 22668 --- [main] w.s.c.ServletWebServerApplicationContext : Root WebApplicationContext: initialization completed in 693 ms
2022-06-04 20:43:33.457  INFO 22668 --- [main] o.s.b.a.e.w.EndpointLinksResolver        : Exposing 2 endpoint(s) beneath base path '/actuator'
2022-06-04 20:43:33.483  INFO 22668 --- [main] pertySourcedRequestMappingHandlerMapping : Mapped URL path [/v2/api-docs] onto method [springfox.documentation.swagger2.web.Swagger2Controller#getDocumentation(String, HttpServletRequest)]
2022-06-04 20:43:33.528  INFO 22668 --- [main] o.s.s.c.ThreadPoolTaskExecutor           : Initializing ExecutorService 'applicationTaskExecutor'
2022-06-04 20:43:33.617  INFO 22668 --- [main] o.s.b.w.e.t.TomcatWebServer              : Tomcat started on port(s): 8083 (http) with context path ''
2022-06-04 20:43:33.712  INFO 22668 --- [main] e.c.CandidateServiceApplication          : Started CandidateServiceApplication in 1.679 seconds (JVM running for 2.12)
2022-06-04 20:43:33.801  INFO 22668 --- [RMI TCP Connection(1)-192.168.1.9] o.s.w.s.DispatcherServlet                : Initializing Servlet 'dispatcherServlet'
2022-06-04 20:43:33.802  INFO 22668 --- [RMI TCP Connection(1)-192.168.1.9] o.s.w.s.DispatcherServlet                : Completed initialization in 1 ms
2022-06-04 20:43:38.464  INFO 22668 --- [SpringContextShutdownHook] o.s.s.c.ThreadPoolTaskExecutor           : Shutting down ExecutorService 'applicationTaskExecutor'
2022-06-08 10:28:18.047  INFO 7836 --- [main] e.c.CandidateServiceApplicationTests     : Starting CandidateServiceApplicationTests using Java 1.8.0_60 on DESKTOP-B790IA8 with PID 7836 (started by Houssem Zerai in C:\Users\Houssem Zerai\Desktop\spring project\candidate-microservice\candidate-service)
2022-06-08 10:28:18.055  INFO 7836 --- [main] e.c.CandidateServiceApplicationTests     : No active profile set, falling back to default profiles: default
2022-06-08 10:28:18.695  INFO 7836 --- [main] .s.d.r.c.RepositoryConfigurationDelegate : Bootstrapping Spring Data MongoDB repositories in DEFAULT mode.
2022-06-08 10:28:18.732  INFO 7836 --- [main] .s.d.r.c.RepositoryConfigurationDelegate : Finished Spring Data repository scanning in 34 ms. Found 1 MongoDB repository interfaces.
2022-06-08 10:28:19.779  INFO 7836 --- [main] o.s.b.a.e.w.EndpointLinksResolver        : Exposing 2 endpoint(s) beneath base path '/actuator'
2022-06-08 10:28:19.891  INFO 7836 --- [main] pertySourcedRequestMappingHandlerMapping : Mapped URL path [/v2/api-docs] onto method [springfox.documentation.swagger2.web.Swagger2Controller#getDocumentation(String, HttpServletRequest)]
2022-06-08 10:28:20.075  INFO 7836 --- [main] o.s.s.c.ThreadPoolTaskExecutor           : Initializing ExecutorService 'applicationTaskExecutor'
2022-06-08 10:28:20.429  INFO 7836 --- [main] e.c.CandidateServiceApplicationTests     : Started CandidateServiceApplicationTests in 2.602 seconds (JVM running for 3.579)
2022-06-11 18:51:21.064  INFO 19328 --- [main] e.c.CandidateServiceApplication          : Starting CandidateServiceApplication using Java 11.0.14.1 on DESKTOP-B790IA8 with PID 19328 (C:\Users\Houssem Zerai\Desktop\spring project\candidate-microservice\candidate-service\target\classes started by Houssem Zerai in C:\Users\Houssem Zerai\Desktop\spring project\candidate-microservice\candidate-service)
2022-06-11 18:51:21.068  INFO 19328 --- [main] e.c.CandidateServiceApplication          : No active profile set, falling back to default profiles: default
2022-06-11 18:51:21.573  INFO 19328 --- [main] .s.d.r.c.RepositoryConfigurationDelegate : Bootstrapping Spring Data MongoDB repositories in DEFAULT mode.
2022-06-11 18:51:21.599  INFO 19328 --- [main] .s.d.r.c.RepositoryConfigurationDelegate : Finished Spring Data repository scanning in 23 ms. Found 1 MongoDB repository interfaces.
2022-06-11 18:51:21.794  INFO 19328 --- [main] o.s.b.w.e.t.TomcatWebServer              : Tomcat initialized with port(s): 8083 (http)
2022-06-11 18:51:21.837  INFO 19328 --- [main] w.s.c.ServletWebServerApplicationContext : Root WebApplicationContext: initialization completed in 750 ms
2022-06-11 18:51:22.323  INFO 19328 --- [main] o.s.b.a.e.w.EndpointLinksResolver        : Exposing 2 endpoint(s) beneath base path '/actuator'
2022-06-11 18:51:22.349  INFO 19328 --- [main] pertySourcedRequestMappingHandlerMapping : Mapped URL path [/v2/api-docs] onto method [springfox.documentation.swagger2.web.Swagger2Controller#getDocumentation(String, HttpServletRequest)]
2022-06-11 18:51:22.386  INFO 19328 --- [main] o.s.s.c.ThreadPoolTaskExecutor           : Initializing ExecutorService 'applicationTaskExecutor'
2022-06-11 18:51:22.475  INFO 19328 --- [main] o.s.b.w.e.t.TomcatWebServer              : Tomcat started on port(s): 8083 (http) with context path ''
2022-06-11 18:51:22.581  INFO 19328 --- [main] e.c.CandidateServiceApplication          : Started CandidateServiceApplication in 1.793 seconds (JVM running for 2.334)
2022-06-11 18:51:22.689  INFO 19328 --- [RMI TCP Connection(3)-192.168.1.8] o.s.w.s.DispatcherServlet                : Initializing Servlet 'dispatcherServlet'
2022-06-11 18:51:22.690  INFO 19328 --- [RMI TCP Connection(3)-192.168.1.8] o.s.w.s.DispatcherServlet                : Completed initialization in 0 ms
2022-06-11 18:57:48.449  INFO 19328 --- [SpringContextShutdownHook] o.s.s.c.ThreadPoolTaskExecutor           : Shutting down ExecutorService 'applicationTaskExecutor'
2022-06-11 19:11:59.773  INFO 6852 --- [main] e.c.CandidateServiceApplicationTests     : Starting CandidateServiceApplicationTests using Java 1.8.0_60 on DESKTOP-B790IA8 with PID 6852 (started by Houssem Zerai in C:\Users\Houssem Zerai\Desktop\spring project\candidate-microservice\candidate-service)
2022-06-11 19:11:59.780  INFO 6852 --- [main] e.c.CandidateServiceApplicationTests     : No active profile set, falling back to default profiles: default
2022-06-11 19:12:00.326  INFO 6852 --- [main] .s.d.r.c.RepositoryConfigurationDelegate : Bootstrapping Spring Data MongoDB repositories in DEFAULT mode.
2022-06-11 19:12:00.353  INFO 6852 --- [main] .s.d.r.c.RepositoryConfigurationDelegate : Finished Spring Data repository scanning in 24 ms. Found 1 MongoDB repository interfaces.
2022-06-11 19:12:01.222  INFO 6852 --- [main] o.s.b.a.e.w.EndpointLinksResolver        : Exposing 2 endpoint(s) beneath base path '/actuator'
2022-06-11 19:12:01.316  INFO 6852 --- [main] pertySourcedRequestMappingHandlerMapping : Mapped URL path [/v2/api-docs] onto method [springfox.documentation.swagger2.web.Swagger2Controller#getDocumentation(String, HttpServletRequest)]
2022-06-11 19:12:01.484  INFO 6852 --- [main] o.s.s.c.ThreadPoolTaskExecutor           : Initializing ExecutorService 'applicationTaskExecutor'
2022-06-11 19:12:01.789  INFO 6852 --- [main] e.c.CandidateServiceApplicationTests     : Started CandidateServiceApplicationTests in 2.198 seconds (JVM running for 3.021)
2022-06-11 19:12:50.522  INFO 21268 --- [main] e.c.CandidateServiceApplicationTests     : Starting CandidateServiceApplicationTests using Java 1.8.0_60 on DESKTOP-B790IA8 with PID 21268 (started by Houssem Zerai in C:\Users\Houssem Zerai\Desktop\spring project\candidate-microservice\candidate-service)
2022-06-11 19:12:50.529  INFO 21268 --- [main] e.c.CandidateServiceApplicationTests     : No active profile set, falling back to default profiles: default
2022-06-11 19:12:51.066  INFO 21268 --- [main] .s.d.r.c.RepositoryConfigurationDelegate : Bootstrapping Spring Data MongoDB repositories in DEFAULT mode.
2022-06-11 19:12:51.093  INFO 21268 --- [main] .s.d.r.c.RepositoryConfigurationDelegate : Finished Spring Data repository scanning in 24 ms. Found 1 MongoDB repository interfaces.
2022-06-11 19:12:52.036  INFO 21268 --- [main] o.s.b.a.e.w.EndpointLinksResolver        : Exposing 2 endpoint(s) beneath base path '/actuator'
2022-06-11 19:12:52.151  INFO 21268 --- [main] pertySourcedRequestMappingHandlerMapping : Mapped URL path [/v2/api-docs] onto method [springfox.documentation.swagger2.web.Swagger2Controller#getDocumentation(String, HttpServletRequest)]
2022-06-11 19:12:52.315  INFO 21268 --- [main] o.s.s.c.ThreadPoolTaskExecutor           : Initializing ExecutorService 'applicationTaskExecutor'
2022-06-11 19:12:52.657  INFO 21268 --- [main] e.c.CandidateServiceApplicationTests     : Started CandidateServiceApplicationTests in 2.316 seconds (JVM running for 3.133)
2022-06-11 19:14:10.945  INFO 15540 --- [main] e.c.CandidateServiceApplicationTests     : Starting CandidateServiceApplicationTests using Java 11.0.14.1 on DESKTOP-B790IA8 with PID 15540 (started by Houssem Zerai in C:\Users\Houssem Zerai\Desktop\spring project\candidate-microservice\candidate-service)
2022-06-11 19:14:10.952  INFO 15540 --- [main] e.c.CandidateServiceApplicationTests     : No active profile set, falling back to default profiles: default
2022-06-11 19:14:11.563  INFO 15540 --- [main] .s.d.r.c.RepositoryConfigurationDelegate : Bootstrapping Spring Data MongoDB repositories in DEFAULT mode.
2022-06-11 19:14:11.592  INFO 15540 --- [main] .s.d.r.c.RepositoryConfigurationDelegate : Finished Spring Data repository scanning in 26 ms. Found 1 MongoDB repository interfaces.
2022-06-11 19:14:12.482  INFO 15540 --- [main] o.s.b.a.e.w.EndpointLinksResolver        : Exposing 2 endpoint(s) beneath base path '/actuator'
2022-06-11 19:14:12.576  INFO 15540 --- [main] pertySourcedRequestMappingHandlerMapping : Mapped URL path [/v2/api-docs] onto method [springfox.documentation.swagger2.web.Swagger2Controller#getDocumentation(String, HttpServletRequest)]
2022-06-11 19:14:12.747  INFO 15540 --- [main] o.s.s.c.ThreadPoolTaskExecutor           : Initializing ExecutorService 'applicationTaskExecutor'
2022-06-11 19:14:13.053  INFO 15540 --- [main] e.c.CandidateServiceApplicationTests     : Started CandidateServiceApplicationTests in 2.313 seconds (JVM running for 3.267)
2022-06-11 19:14:16.642  INFO 15540 --- [SpringContextShutdownHook] o.s.s.c.ThreadPoolTaskExecutor           : Shutting down ExecutorService 'applicationTaskExecutor'
2022-06-11 19:14:42.353  INFO 4868 --- [main] e.c.CandidateServiceApplicationTests     : Starting CandidateServiceApplicationTests using Java 1.8.0_60 on DESKTOP-B790IA8 with PID 4868 (started by Houssem Zerai in C:\Users\Houssem Zerai\Desktop\spring project\candidate-microservice\candidate-service)
2022-06-11 19:14:42.361  INFO 4868 --- [main] e.c.CandidateServiceApplicationTests     : No active profile set, falling back to default profiles: default
2022-06-11 19:14:42.907  INFO 4868 --- [main] .s.d.r.c.RepositoryConfigurationDelegate : Bootstrapping Spring Data MongoDB repositories in DEFAULT mode.
2022-06-11 19:14:42.933  INFO 4868 --- [main] .s.d.r.c.RepositoryConfigurationDelegate : Finished Spring Data repository scanning in 25 ms. Found 1 MongoDB repository interfaces.
2022-06-11 19:14:43.876  INFO 4868 --- [main] o.s.b.a.e.w.EndpointLinksResolver        : Exposing 2 endpoint(s) beneath base path '/actuator'
2022-06-11 19:14:43.973  INFO 4868 --- [main] pertySourcedRequestMappingHandlerMapping : Mapped URL path [/v2/api-docs] onto method [springfox.documentation.swagger2.web.Swagger2Controller#getDocumentation(String, HttpServletRequest)]
2022-06-11 19:14:44.142  INFO 4868 --- [main] o.s.s.c.ThreadPoolTaskExecutor           : Initializing ExecutorService 'applicationTaskExecutor'
2022-06-11 19:14:44.457  INFO 4868 --- [main] e.c.CandidateServiceApplicationTests     : Started CandidateServiceApplicationTests in 2.288 seconds (JVM running for 3.142)
2022-06-11 19:16:14.973  INFO 4868 --- [SpringContextShutdownHook] o.s.s.c.ThreadPoolTaskExecutor           : Shutting down ExecutorService 'applicationTaskExecutor'
2022-06-11 19:18:27.639  INFO 13984 --- [main] e.c.CandidateServiceApplicationTests     : Starting CandidateServiceApplicationTests using Java 1.8.0_60 on DESKTOP-B790IA8 with PID 13984 (started by Houssem Zerai in C:\Users\Houssem Zerai\Desktop\spring project\candidate-microservice\candidate-service)
2022-06-11 19:18:27.646  INFO 13984 --- [main] e.c.CandidateServiceApplicationTests     : No active profile set, falling back to default profiles: default
2022-06-11 19:18:28.179  INFO 13984 --- [main] .s.d.r.c.RepositoryConfigurationDelegate : Bootstrapping Spring Data MongoDB repositories in DEFAULT mode.
2022-06-11 19:18:28.207  INFO 13984 --- [main] .s.d.r.c.RepositoryConfigurationDelegate : Finished Spring Data repository scanning in 25 ms. Found 1 MongoDB repository interfaces.
2022-06-11 19:18:29.044  INFO 13984 --- [main] o.s.b.a.e.w.EndpointLinksResolver        : Exposing 2 endpoint(s) beneath base path '/actuator'
2022-06-11 19:18:29.153  INFO 13984 --- [main] pertySourcedRequestMappingHandlerMapping : Mapped URL path [/v2/api-docs] onto method [springfox.documentation.swagger2.web.Swagger2Controller#getDocumentation(String, HttpServletRequest)]
2022-06-11 19:18:29.314  INFO 13984 --- [main] o.s.s.c.ThreadPoolTaskExecutor           : Initializing ExecutorService 'applicationTaskExecutor'
2022-06-11 19:18:29.609  INFO 13984 --- [main] e.c.CandidateServiceApplicationTests     : Started CandidateServiceApplicationTests in 2.149 seconds (JVM running for 2.983)
2022-06-11 19:19:09.428  INFO 15992 --- [main] e.c.CandidateServiceApplicationTests     : Starting CandidateServiceApplicationTests using Java 11.0.14.1 on DESKTOP-B790IA8 with PID 15992 (started by Houssem Zerai in C:\Users\Houssem Zerai\Desktop\spring project\candidate-microservice\candidate-service)
2022-06-11 19:19:09.435  INFO 15992 --- [main] e.c.CandidateServiceApplicationTests     : No active profile set, falling back to default profiles: default
2022-06-11 19:19:10.050  INFO 15992 --- [main] .s.d.r.c.RepositoryConfigurationDelegate : Bootstrapping Spring Data MongoDB repositories in DEFAULT mode.
2022-06-11 19:19:10.080  INFO 15992 --- [main] .s.d.r.c.RepositoryConfigurationDelegate : Finished Spring Data repository scanning in 27 ms. Found 1 MongoDB repository interfaces.
2022-06-11 19:19:10.970  INFO 15992 --- [main] o.s.b.a.e.w.EndpointLinksResolver        : Exposing 2 endpoint(s) beneath base path '/actuator'
2022-06-11 19:19:11.063  INFO 15992 --- [main] pertySourcedRequestMappingHandlerMapping : Mapped URL path [/v2/api-docs] onto method [springfox.documentation.swagger2.web.Swagger2Controller#getDocumentation(String, HttpServletRequest)]
2022-06-11 19:19:11.228  INFO 15992 --- [main] o.s.s.c.ThreadPoolTaskExecutor           : Initializing ExecutorService 'applicationTaskExecutor'
2022-06-11 19:19:11.540  INFO 15992 --- [main] e.c.CandidateServiceApplicationTests     : Started CandidateServiceApplicationTests in 2.313 seconds (JVM running for 3.249)
2022-06-11 19:19:15.137  INFO 15992 --- [SpringContextShutdownHook] o.s.s.c.ThreadPoolTaskExecutor           : Shutting down ExecutorService 'applicationTaskExecutor'
2022-06-11 19:20:30.125  INFO 10512 --- [main] e.c.CandidateServiceApplicationTests     : Starting CandidateServiceApplicationTests using Java 11.0.14.1 on DESKTOP-B790IA8 with PID 10512 (started by Houssem Zerai in C:\Users\Houssem Zerai\Desktop\spring project\candidate-microservice\candidate-service)
2022-06-11 19:20:30.133  INFO 10512 --- [main] e.c.CandidateServiceApplicationTests     : No active profile set, falling back to default profiles: default
2022-06-11 19:20:30.721  INFO 10512 --- [main] .s.d.r.c.RepositoryConfigurationDelegate : Bootstrapping Spring Data MongoDB repositories in DEFAULT mode.
2022-06-11 19:20:30.750  INFO 10512 --- [main] .s.d.r.c.RepositoryConfigurationDelegate : Finished Spring Data repository scanning in 26 ms. Found 1 MongoDB repository interfaces.
2022-06-11 19:20:31.666  INFO 10512 --- [main] o.s.b.a.e.w.EndpointLinksResolver        : Exposing 2 endpoint(s) beneath base path '/actuator'
2022-06-11 19:20:31.768  INFO 10512 --- [main] pertySourcedRequestMappingHandlerMapping : Mapped URL path [/v2/api-docs] onto method [springfox.documentation.swagger2.web.Swagger2Controller#getDocumentation(String, HttpServletRequest)]
2022-06-11 19:20:31.940  INFO 10512 --- [main] o.s.s.c.ThreadPoolTaskExecutor           : Initializing ExecutorService 'applicationTaskExecutor'
2022-06-11 19:20:32.254  INFO 10512 --- [main] e.c.CandidateServiceApplicationTests     : Started CandidateServiceApplicationTests in 2.319 seconds (JVM running for 3.262)
2022-06-11 19:20:35.607  INFO 10512 --- [SpringContextShutdownHook] o.s.s.c.ThreadPoolTaskExecutor           : Shutting down ExecutorService 'applicationTaskExecutor'
2022-06-11 19:22:46.655  INFO 15920 --- [main] e.c.CandidateServiceApplicationTests     : Starting CandidateServiceApplicationTests using Java 11.0.14.1 on DESKTOP-B790IA8 with PID 15920 (started by Houssem Zerai in C:\Users\Houssem Zerai\Desktop\spring project\candidate-microservice\candidate-service)
2022-06-11 19:22:46.661  INFO 15920 --- [main] e.c.CandidateServiceApplicationTests     : No active profile set, falling back to default profiles: default
2022-06-11 19:22:47.259  INFO 15920 --- [main] .s.d.r.c.RepositoryConfigurationDelegate : Bootstrapping Spring Data MongoDB repositories in DEFAULT mode.
2022-06-11 19:22:47.292  INFO 15920 --- [main] .s.d.r.c.RepositoryConfigurationDelegate : Finished Spring Data repository scanning in 29 ms. Found 1 MongoDB repository interfaces.
2022-06-11 19:22:48.245  INFO 15920 --- [main] o.s.b.a.e.w.EndpointLinksResolver        : Exposing 2 endpoint(s) beneath base path '/actuator'
2022-06-11 19:22:48.346  INFO 15920 --- [main] pertySourcedRequestMappingHandlerMapping : Mapped URL path [/v2/api-docs] onto method [springfox.documentation.swagger2.web.Swagger2Controller#getDocumentation(String, HttpServletRequest)]
2022-06-11 19:22:48.542  INFO 15920 --- [main] o.s.s.c.ThreadPoolTaskExecutor           : Initializing ExecutorService 'applicationTaskExecutor'
2022-06-11 19:22:48.876  INFO 15920 --- [main] e.c.CandidateServiceApplicationTests     : Started CandidateServiceApplicationTests in 2.429 seconds (JVM running for 3.398)
2022-06-11 19:22:52.465  INFO 15920 --- [SpringContextShutdownHook] o.s.s.c.ThreadPoolTaskExecutor           : Shutting down ExecutorService 'applicationTaskExecutor'
